###############################################################################
###                                  System                                 ###
###############################################################################
###                                 Homebrew                                ###
###############################################################################
###                                 coreutils                               ###
###############################################################################
###                                   grep                                  ###
###############################################################################
###                                   find                                  ###
###############################################################################
###                                  Python                                 ###
###############################################################################
###                                   Bash                                  ###
###############################################################################
###                                   Vim                                   ###
###############################################################################
###                                  Atlas                                  ###
###############################################################################
###                                Terraform                                ###
###############################################################################
###                                  Packer                                 ###
###############################################################################
###                                 Vagrant                                 ###
###############################################################################
###                                 Ansible                                 ###
###############################################################################
###                                 DOCKER                                  ###
###############################################################################
###                                 Amazon                                  ###
###############################################################################
